2019-11-08 11:17:38,373 INFO  com.example.product.controller.ProductController: Log created
2019-11-08 11:19:34,615 INFO  com.example.product.controller.ProductController: Product List Function
2019-11-08 11:19:36,220 INFO  com.example.product.controller.ProductController: Product List Function
2019-11-08 12:10:33,030 INFO  com.example.product.controller.ProductController: Product List Function
2019-11-08 12:13:48,639 INFO  com.example.product.controller.ProductController: Product List Function
2019-11-08 12:13:54,695 INFO  com.example.product.controller.ProductController: Product List Function
2019-11-08 15:08:46,157 INFO  com.example.product.controller.ProductController: Product List Function
2019-11-11 16:57:50,062 INFO  com.example.product.controller.ProductController: Creating the Productcom.example.product.model.Product@ba6c134
2019-11-11 16:58:28,285 INFO  com.example.product.controller.ProductController: Creating the Productcom.example.product.model.Product@7df301c2
2019-11-11 16:58:51,518 INFO  com.example.product.controller.ProductController: Creating the Productcom.example.product.model.Product@f575b46
2019-11-11 16:59:11,534 INFO  com.example.product.controller.ProductController: Creating the Productcom.example.product.model.Product@1008ffe5
2019-11-11 16:59:27,663 INFO  com.example.product.controller.ProductController: Product List Function
2019-11-11 19:12:15,596 INFO  com.example.product.controller.ProductController: Product List Function5dc945b6301cfb5997575255
2019-11-11 19:13:06,624 INFO  com.example.product.controller.ProductController: Product List Function5dc945b6301cfb5997575255
2019-11-11 19:20:25,874 INFO  com.example.product.controller.ProductController: Product List Functionnull
2019-11-11 19:20:26,210 INFO  com.example.product.controller.ProductController: Product List Function5dc945b6301cfb5997575255
2019-11-11 19:20:26,473 INFO  com.example.product.controller.ProductController: Product List Function5dc945dc301cfb5997575256
2019-11-11 19:21:09,556 INFO  com.example.product.controller.ProductController: Product List Functionnull
2019-11-11 19:21:09,607 INFO  com.example.product.controller.ProductController: Product List Function5dc945b6301cfb5997575255
2019-11-11 19:21:09,617 INFO  com.example.product.controller.ProductController: Product List Function5dc945dc301cfb5997575256
2019-11-11 19:21:29,151 INFO  com.example.product.controller.ProductController: Product List Functionnull
2019-11-11 19:21:29,164 INFO  com.example.product.controller.ProductController: Product List Function5dc945b6301cfb5997575255
2019-11-11 19:21:29,178 INFO  com.example.product.controller.ProductController: Product List Function5dc945dc301cfb5997575256
2019-11-13 11:23:21,991 INFO  com.example.product.controller.ProductController: Product List Functionnull
2019-11-13 11:23:22,450 INFO  com.example.product.controller.ProductController: Product List Function5dc945b6301cfb5997575255
2019-11-13 11:23:22,805 INFO  com.example.product.controller.ProductController: Product List Function5dc945dc301cfb5997575256
2019-11-13 11:24:31,509 INFO  com.example.product.controller.ProductController: Product List Functionnull
2019-11-13 11:24:31,523 INFO  com.example.product.controller.ProductController: Product List Function5dc945b6301cfb5997575255
2019-11-13 11:24:31,540 INFO  com.example.product.controller.ProductController: Product List Function5dc945dc301cfb5997575256
2019-11-13 11:40:02,555 INFO  com.example.product.controller.ProductController: Product List Functionnull
2019-11-13 11:40:02,954 INFO  com.example.product.controller.ProductController: Product List Function5dc945b6301cfb5997575255
2019-11-13 11:40:03,304 INFO  com.example.product.controller.ProductController: Product List Function5dc945dc301cfb5997575256
2019-11-13 11:45:39,189 INFO  com.example.product.controller.ProductController: Product List Functionnull
2019-11-13 11:45:39,489 INFO  com.example.product.controller.ProductController: Product List Function5dc945b6301cfb5997575255
2019-11-13 11:45:39,759 INFO  com.example.product.controller.ProductController: Product List Function5dc945dc301cfb5997575256
2019-11-13 11:54:59,708 INFO  com.example.product.controller.ProductController: Product List Functionnull
2019-11-13 11:55:17,109 INFO  com.example.product.controller.ProductController: Product List Functionnull
2019-11-13 11:56:09,673 INFO  com.example.product.controller.ProductController: Product List Functionnull
2019-11-13 11:57:22,583 INFO  com.example.product.controller.ProductController: Product List Function1
2019-11-13 11:57:38,959 INFO  com.example.product.controller.ProductController: Product List Function1
2019-11-13 11:58:48,876 INFO  com.example.product.controller.ProductController: Product List Function1
2019-11-13 11:59:35,398 INFO  com.example.product.controller.ProductController: Product List Function1
2019-11-13 12:02:48,495 INFO  com.example.product.controller.ProductController: Product List Function1
2019-11-13 12:20:06,623 INFO  com.example.product.controller.ProductController: Product List Function1
2019-11-13 12:29:25,710 INFO  com.example.product.controller.ProductController: Product List Function1
2019-11-13 12:30:06,613 INFO  com.example.product.controller.ProductController: Product List Function1
2019-11-13 12:30:16,965 INFO  com.example.product.controller.ProductController: Product List Function1
2019-11-13 12:30:46,849 INFO  com.example.product.controller.ProductController: Product List Function1
2019-11-13 12:32:03,062 INFO  com.example.product.controller.ProductController: Product List Function1
2019-11-13 12:34:08,538 INFO  com.example.product.controller.ProductController: Product List Function1
2019-11-13 12:35:00,713 INFO  com.example.product.controller.ProductController: Product List Function1
2019-11-13 12:36:01,913 INFO  com.example.product.controller.ProductController: Product List Function1
2019-11-13 12:41:45,219 INFO  com.example.product.controller.ProductController: Product List Functionnull
2019-11-13 13:40:44,095 INFO  com.example.product.controller.ProductController: Product List Function1
2019-11-13 13:42:44,565 INFO  com.example.product.controller.ProductController: Product List Function5dc945f3301cfb5997575257
2019-11-13 13:58:51,031 INFO  com.example.product.controller.ProductController: Product List Function5dc945dc301cfb5997575256
2019-11-13 14:04:41,695 INFO  com.example.product.controller.ProductController: Product List Function5dc945dc301cfb5997575256
2019-11-13 14:10:12,305 INFO  com.example.product.controller.ProductController: Product List Function5dc945dc301cfb5997575256
2019-11-13 14:12:17,513 INFO  com.example.product.controller.ProductController: Product List Function5dc945dc301cfb5997575256
2019-11-13 14:13:19,900 INFO  com.example.product.controller.ProductController: Product List Function1
2019-11-13 14:13:39,501 INFO  com.example.product.controller.ProductController: Product List Function5dc945b6301cfb5997575255
2019-11-13 14:17:50,470 INFO  com.example.product.controller.ProductController: Product List Function5dc945f3301cfb5997575257
2019-11-13 14:17:50,804 INFO  com.example.product.controller.ProductController: Product List Function5dc94607301cfb5997575258
2019-11-13 14:17:51,148 INFO  com.example.product.controller.ProductController: Product List Function5dc945dc301cfb5997575256
2019-11-13 14:20:00,989 INFO  com.example.product.controller.ProductController: Product List Function5dc945f3301cfb5997575257
2019-11-13 14:20:01,010 INFO  com.example.product.controller.ProductController: Product List Function5dc94607301cfb5997575258
2019-11-13 14:20:01,021 INFO  com.example.product.controller.ProductController: Product List Function5dc945dc301cfb5997575256
